running egg_info
writing ../../build/robot_depth/robot_depth.egg-info/PKG-INFO
writing dependency_links to ../../build/robot_depth/robot_depth.egg-info/dependency_links.txt
writing entry points to ../../build/robot_depth/robot_depth.egg-info/entry_points.txt
writing requirements to ../../build/robot_depth/robot_depth.egg-info/requires.txt
writing top-level names to ../../build/robot_depth/robot_depth.egg-info/top_level.txt
reading manifest file '../../build/robot_depth/robot_depth.egg-info/SOURCES.txt'
writing manifest file '../../build/robot_depth/robot_depth.egg-info/SOURCES.txt'
running build
running build_py
running install
running install_lib
running install_data
running install_egg_info
removing '/home/rokey/rokey_ws/install/robot_depth/lib/python3.10/site-packages/robot_depth-0.0.0-py3.10.egg-info' (and everything under it)
Copying ../../build/robot_depth/robot_depth.egg-info to /home/rokey/rokey_ws/install/robot_depth/lib/python3.10/site-packages/robot_depth-0.0.0-py3.10.egg-info
running install_scripts
Installing click script to /home/rokey/rokey_ws/install/robot_depth/lib/robot_depth
Installing depth_checker script to /home/rokey/rokey_ws/install/robot_depth/lib/robot_depth
writing list of installed files to '/home/rokey/rokey_ws/build/robot_depth/install.log'
