[0.401s] Invoking command in '/home/rokey/rokey_ws/src/robot_depth': PYTHONPATH=/home/rokey/rokey_ws/build/robot_depth/prefix_override:/usr/lib/python3/dist-packages/colcon_core/task/python/colcon_distutils_commands:/home/rokey/rokey_ws/install/robot_depth/lib/python3.10/site-packages:${PYTHONPATH} /usr/bin/python3 -W ignore:setup.py install is deprecated -W ignore:easy_install command is deprecated setup.py egg_info --egg-base ../../build/robot_depth build --build-base /home/rokey/rokey_ws/build/robot_depth/build install --record /home/rokey/rokey_ws/build/robot_depth/install.log --single-version-externally-managed install_data
[0.558s] running egg_info
[0.558s] writing ../../build/robot_depth/robot_depth.egg-info/PKG-INFO
[0.559s] writing dependency_links to ../../build/robot_depth/robot_depth.egg-info/dependency_links.txt
[0.559s] writing entry points to ../../build/robot_depth/robot_depth.egg-info/entry_points.txt
[0.559s] writing requirements to ../../build/robot_depth/robot_depth.egg-info/requires.txt
[0.559s] writing top-level names to ../../build/robot_depth/robot_depth.egg-info/top_level.txt
[0.560s] reading manifest file '../../build/robot_depth/robot_depth.egg-info/SOURCES.txt'
[0.560s] writing manifest file '../../build/robot_depth/robot_depth.egg-info/SOURCES.txt'
[0.560s] running build
[0.560s] running build_py
[0.561s] running install
[0.561s] running install_lib
[0.561s] running install_data
[0.561s] running install_egg_info
[0.562s] removing '/home/rokey/rokey_ws/install/robot_depth/lib/python3.10/site-packages/robot_depth-0.0.0-py3.10.egg-info' (and everything under it)
[0.562s] Copying ../../build/robot_depth/robot_depth.egg-info to /home/rokey/rokey_ws/install/robot_depth/lib/python3.10/site-packages/robot_depth-0.0.0-py3.10.egg-info
[0.563s] running install_scripts
[0.575s] Installing click script to /home/rokey/rokey_ws/install/robot_depth/lib/robot_depth
[0.575s] Installing depth_checker script to /home/rokey/rokey_ws/install/robot_depth/lib/robot_depth
[0.575s] writing list of installed files to '/home/rokey/rokey_ws/build/robot_depth/install.log'
[0.589s] Invoked command in '/home/rokey/rokey_ws/src/robot_depth' returned '0': PYTHONPATH=/home/rokey/rokey_ws/build/robot_depth/prefix_override:/usr/lib/python3/dist-packages/colcon_core/task/python/colcon_distutils_commands:/home/rokey/rokey_ws/install/robot_depth/lib/python3.10/site-packages:${PYTHONPATH} /usr/bin/python3 -W ignore:setup.py install is deprecated -W ignore:easy_install command is deprecated setup.py egg_info --egg-base ../../build/robot_depth build --build-base /home/rokey/rokey_ws/build/robot_depth/build install --record /home/rokey/rokey_ws/build/robot_depth/install.log --single-version-externally-managed install_data
