running egg_info
creating ../../build/robot_depth/robot_depth.egg-info
writing ../../build/robot_depth/robot_depth.egg-info/PKG-INFO
writing dependency_links to ../../build/robot_depth/robot_depth.egg-info/dependency_links.txt
writing entry points to ../../build/robot_depth/robot_depth.egg-info/entry_points.txt
writing requirements to ../../build/robot_depth/robot_depth.egg-info/requires.txt
writing top-level names to ../../build/robot_depth/robot_depth.egg-info/top_level.txt
writing manifest file '../../build/robot_depth/robot_depth.egg-info/SOURCES.txt'
reading manifest file '../../build/robot_depth/robot_depth.egg-info/SOURCES.txt'
writing manifest file '../../build/robot_depth/robot_depth.egg-info/SOURCES.txt'
running build
running build_py
creating /home/rokey/rokey_ws/build/robot_depth/build
creating /home/rokey/rokey_ws/build/robot_depth/build/lib
creating /home/rokey/rokey_ws/build/robot_depth/build/lib/robot_depth
copying robot_depth/depth_checker.py -> /home/rokey/rokey_ws/build/robot_depth/build/lib/robot_depth
copying robot_depth/__init__.py -> /home/rokey/rokey_ws/build/robot_depth/build/lib/robot_depth
copying robot_depth/depth_checker_mouse_click.py -> /home/rokey/rokey_ws/build/robot_depth/build/lib/robot_depth
running install
running install_lib
creating /home/rokey/rokey_ws/install/robot_depth/lib/python3.10/site-packages/robot_depth
copying /home/rokey/rokey_ws/build/robot_depth/build/lib/robot_depth/depth_checker.py -> /home/rokey/rokey_ws/install/robot_depth/lib/python3.10/site-packages/robot_depth
copying /home/rokey/rokey_ws/build/robot_depth/build/lib/robot_depth/__init__.py -> /home/rokey/rokey_ws/install/robot_depth/lib/python3.10/site-packages/robot_depth
copying /home/rokey/rokey_ws/build/robot_depth/build/lib/robot_depth/depth_checker_mouse_click.py -> /home/rokey/rokey_ws/install/robot_depth/lib/python3.10/site-packages/robot_depth
byte-compiling /home/rokey/rokey_ws/install/robot_depth/lib/python3.10/site-packages/robot_depth/depth_checker.py to depth_checker.cpython-310.pyc
byte-compiling /home/rokey/rokey_ws/install/robot_depth/lib/python3.10/site-packages/robot_depth/__init__.py to __init__.cpython-310.pyc
byte-compiling /home/rokey/rokey_ws/install/robot_depth/lib/python3.10/site-packages/robot_depth/depth_checker_mouse_click.py to depth_checker_mouse_click.cpython-310.pyc
running install_data
creating /home/rokey/rokey_ws/install/robot_depth/share/ament_index
creating /home/rokey/rokey_ws/install/robot_depth/share/ament_index/resource_index
creating /home/rokey/rokey_ws/install/robot_depth/share/ament_index/resource_index/packages
copying resource/robot_depth -> /home/rokey/rokey_ws/install/robot_depth/share/ament_index/resource_index/packages
copying package.xml -> /home/rokey/rokey_ws/install/robot_depth/share/robot_depth
running install_egg_info
Copying ../../build/robot_depth/robot_depth.egg-info to /home/rokey/rokey_ws/install/robot_depth/lib/python3.10/site-packages/robot_depth-0.0.0-py3.10.egg-info
running install_scripts
Installing depth_checker = robot_depth.depth_checker:mainclick script to /home/rokey/rokey_ws/install/robot_depth/lib/robot_depth
writing list of installed files to '/home/rokey/rokey_ws/build/robot_depth/install.log'
