[0.407s] Invoking command in '/home/rokey/rokey_ws/src/robot_depth': PYTHONPATH=/home/rokey/rokey_ws/build/robot_depth/prefix_override:/usr/lib/python3/dist-packages/colcon_core/task/python/colcon_distutils_commands:/home/rokey/rokey_ws/install/robot_depth/lib/python3.10/site-packages:${PYTHONPATH} /usr/bin/python3 -W ignore:setup.py install is deprecated -W ignore:easy_install command is deprecated setup.py egg_info --egg-base ../../build/robot_depth build --build-base /home/rokey/rokey_ws/build/robot_depth/build install --record /home/rokey/rokey_ws/build/robot_depth/install.log --single-version-externally-managed install_data
[0.565s] running egg_info
[0.566s] creating ../../build/robot_depth/robot_depth.egg-info
[0.566s] writing ../../build/robot_depth/robot_depth.egg-info/PKG-INFO
[0.566s] writing dependency_links to ../../build/robot_depth/robot_depth.egg-info/dependency_links.txt
[0.566s] writing entry points to ../../build/robot_depth/robot_depth.egg-info/entry_points.txt
[0.566s] writing requirements to ../../build/robot_depth/robot_depth.egg-info/requires.txt
[0.566s] writing top-level names to ../../build/robot_depth/robot_depth.egg-info/top_level.txt
[0.566s] writing manifest file '../../build/robot_depth/robot_depth.egg-info/SOURCES.txt'
[0.567s] reading manifest file '../../build/robot_depth/robot_depth.egg-info/SOURCES.txt'
[0.567s] writing manifest file '../../build/robot_depth/robot_depth.egg-info/SOURCES.txt'
[0.567s] running build
[0.567s] running build_py
[0.567s] creating /home/rokey/rokey_ws/build/robot_depth/build
[0.567s] creating /home/rokey/rokey_ws/build/robot_depth/build/lib
[0.567s] creating /home/rokey/rokey_ws/build/robot_depth/build/lib/robot_depth
[0.567s] copying robot_depth/depth_checker.py -> /home/rokey/rokey_ws/build/robot_depth/build/lib/robot_depth
[0.567s] copying robot_depth/__init__.py -> /home/rokey/rokey_ws/build/robot_depth/build/lib/robot_depth
[0.568s] copying robot_depth/depth_checker_mouse_click.py -> /home/rokey/rokey_ws/build/robot_depth/build/lib/robot_depth
[0.568s] running install
[0.568s] running install_lib
[0.568s] creating /home/rokey/rokey_ws/install/robot_depth/lib/python3.10/site-packages/robot_depth
[0.568s] copying /home/rokey/rokey_ws/build/robot_depth/build/lib/robot_depth/depth_checker.py -> /home/rokey/rokey_ws/install/robot_depth/lib/python3.10/site-packages/robot_depth
[0.568s] copying /home/rokey/rokey_ws/build/robot_depth/build/lib/robot_depth/__init__.py -> /home/rokey/rokey_ws/install/robot_depth/lib/python3.10/site-packages/robot_depth
[0.568s] copying /home/rokey/rokey_ws/build/robot_depth/build/lib/robot_depth/depth_checker_mouse_click.py -> /home/rokey/rokey_ws/install/robot_depth/lib/python3.10/site-packages/robot_depth
[0.568s] byte-compiling /home/rokey/rokey_ws/install/robot_depth/lib/python3.10/site-packages/robot_depth/depth_checker.py to depth_checker.cpython-310.pyc
[0.569s] byte-compiling /home/rokey/rokey_ws/install/robot_depth/lib/python3.10/site-packages/robot_depth/__init__.py to __init__.cpython-310.pyc
[0.569s] byte-compiling /home/rokey/rokey_ws/install/robot_depth/lib/python3.10/site-packages/robot_depth/depth_checker_mouse_click.py to depth_checker_mouse_click.cpython-310.pyc
[0.570s] running install_data
[0.570s] creating /home/rokey/rokey_ws/install/robot_depth/share/ament_index
[0.570s] creating /home/rokey/rokey_ws/install/robot_depth/share/ament_index/resource_index
[0.570s] creating /home/rokey/rokey_ws/install/robot_depth/share/ament_index/resource_index/packages
[0.570s] copying resource/robot_depth -> /home/rokey/rokey_ws/install/robot_depth/share/ament_index/resource_index/packages
[0.570s] copying package.xml -> /home/rokey/rokey_ws/install/robot_depth/share/robot_depth
[0.570s] running install_egg_info
[0.571s] Copying ../../build/robot_depth/robot_depth.egg-info to /home/rokey/rokey_ws/install/robot_depth/lib/python3.10/site-packages/robot_depth-0.0.0-py3.10.egg-info
[0.571s] running install_scripts
[0.583s] Installing depth_checker = robot_depth.depth_checker:mainclick script to /home/rokey/rokey_ws/install/robot_depth/lib/robot_depth
[0.583s] writing list of installed files to '/home/rokey/rokey_ws/build/robot_depth/install.log'
[0.597s] Invoked command in '/home/rokey/rokey_ws/src/robot_depth' returned '0': PYTHONPATH=/home/rokey/rokey_ws/build/robot_depth/prefix_override:/usr/lib/python3/dist-packages/colcon_core/task/python/colcon_distutils_commands:/home/rokey/rokey_ws/install/robot_depth/lib/python3.10/site-packages:${PYTHONPATH} /usr/bin/python3 -W ignore:setup.py install is deprecated -W ignore:easy_install command is deprecated setup.py egg_info --egg-base ../../build/robot_depth build --build-base /home/rokey/rokey_ws/build/robot_depth/build install --record /home/rokey/rokey_ws/build/robot_depth/install.log --single-version-externally-managed install_data
